<?xml version="1.0" encoding="UTF-8"?>
<!-- Generated by org.testng.reporters.JUnitReportReporter -->
<testsuite name="com.mercury.tours.Mercury_SignOn_Gettext" tests="1" time="64.915" ignored="0" failures="0" timestamp="24 Dec 2019 06:24:06 GMT" skipped="0" hostname="DESKTOP-I6Q45NM" errors="0">
  <testcase name="Sign_On" time="64.915" classname="com.mercury.tours.Mercury_SignOn_Gettext"/>
</testsuite> <!-- com.mercury.tours.Mercury_SignOn_Gettext -->
