<?xml version="1.0" encoding="UTF-8"?>
<!-- Generated by org.testng.reporters.JUnitReportReporter -->
<testsuite name="com.mercury.tours.Mercury_SignOn_findtext" tests="1" time="35.759" ignored="0" failures="0" timestamp="24 Dec 2019 09:04:29 GMT" skipped="0" hostname="DESKTOP-I6Q45NM" errors="0">
  <testcase name="Sign_On" time="35.759" classname="com.mercury.tours.Mercury_SignOn_findtext"/>
</testsuite> <!-- com.mercury.tours.Mercury_SignOn_findtext -->
