<?xml version="1.0" encoding="UTF-8"?>
<!-- Generated by org.testng.reporters.JUnitReportReporter -->
<testsuite name="com.mercury.tours.Mercury_SignOn_Alerts" tests="1" time="5.292" ignored="0" failures="0" timestamp="24 Dec 2019 12:08:19 GMT" skipped="0" hostname="DESKTOP-I6Q45NM" errors="0">
  <testcase name="Sign_On" time="5.292" classname="com.mercury.tours.Mercury_SignOn_Alerts"/>
</testsuite> <!-- com.mercury.tours.Mercury_SignOn_Alerts -->
