<?xml version="1.0" encoding="UTF-8"?>
<!-- Generated by org.testng.reporters.JUnitReportReporter -->
<testsuite name="com.mercury.tours.Mercury_SignOn_Headlessbrowser" tests="1" time="6.471" ignored="0" failures="0" timestamp="23 Dec 2019 12:16:01 GMT" skipped="0" hostname="DESKTOP-I6Q45NM" errors="0">
  <testcase name="Sign_On" time="6.471" classname="com.mercury.tours.Mercury_SignOn_Headlessbrowser"/>
</testsuite> <!-- com.mercury.tours.Mercury_SignOn_Headlessbrowser -->
