<?xml version="1.0" encoding="UTF-8"?>
<!-- Generated by org.testng.reporters.JUnitReportReporter -->
<testsuite name="com.mercury.tours.Mercury_SignOn_Parameter_Login_Dataprovider" tests="3" time="117.257" ignored="0" failures="0" timestamp="25 Dec 2019 05:59:01 GMT" skipped="0" hostname="DESKTOP-I6Q45NM" errors="0">
  <testcase name="Sign_On" time="36.819" classname="com.mercury.tours.Mercury_SignOn_Parameter_Login_Dataprovider"/>
  <testcase name="Sign_On" time="39.793" classname="com.mercury.tours.Mercury_SignOn_Parameter_Login_Dataprovider"/>
  <testcase name="Sign_On" time="40.645" classname="com.mercury.tours.Mercury_SignOn_Parameter_Login_Dataprovider"/>
</testsuite> <!-- com.mercury.tours.Mercury_SignOn_Parameter_Login_Dataprovider -->
