<?xml version="1.0" encoding="UTF-8"?>
<!-- Generated by org.testng.reporters.JUnitReportReporter -->
<testsuite name="com.mercury.tours.Mercury_SignOn_NavigateAllLinks" tests="1" time="38.585" ignored="0" failures="0" timestamp="25 Dec 2019 05:14:55 GMT" skipped="0" hostname="DESKTOP-I6Q45NM" errors="0">
  <testcase name="Sign_On" time="38.585" classname="com.mercury.tours.Mercury_SignOn_NavigateAllLinks"/>
</testsuite> <!-- com.mercury.tours.Mercury_SignOn_NavigateAllLinks -->
