<?xml version="1.0" encoding="UTF-8"?>
<!-- Generated by org.testng.reporters.JUnitReportReporter -->
<testsuite name="com.mercury.tours.Mercury_SignOn_followingandpreceding" tests="1" time="8.669" ignored="0" failures="0" timestamp="24 Dec 2019 09:22:56 GMT" skipped="0" hostname="DESKTOP-I6Q45NM" errors="0">
  <testcase name="Sign_On" time="8.669" classname="com.mercury.tours.Mercury_SignOn_followingandpreceding"/>
</testsuite> <!-- com.mercury.tours.Mercury_SignOn_followingandpreceding -->
