<?xml version="1.0" encoding="UTF-8"?>
<!-- Generated by org.testng.reporters.JUnitReportReporter -->
<testsuite name="com.mercury.tours.Mercury_SignOn_TestNg" tests="1" time="13.583" ignored="0" failures="0" timestamp="24 Dec 2019 06:20:21 GMT" skipped="0" hostname="DESKTOP-I6Q45NM" errors="0">
  <testcase name="Sign_On" time="13.583" classname="com.mercury.tours.Mercury_SignOn_TestNg"/>
</testsuite> <!-- com.mercury.tours.Mercury_SignOn_TestNg -->
