<?xml version="1.0" encoding="UTF-8"?>
<!-- Generated by org.testng.reporters.JUnitReportReporter -->
<testsuite name="com.mercury.tours.hdfc_netbanking" tests="1" time="3.338" ignored="0" failures="0" timestamp="25 Dec 2019 10:51:29 GMT" skipped="0" hostname="DESKTOP-I6Q45NM" errors="0">
  <testcase name="hdfc_login" time="3.338" classname="com.mercury.tours.hdfc_netbanking"/>
</testsuite> <!-- com.mercury.tours.hdfc_netbanking -->
