<?xml version="1.0" encoding="UTF-8"?>
<!-- Generated by org.testng.reporters.JUnitReportReporter -->
<testsuite name="com.mercury.tours.BatchExecution_smoke" tests="1" time="0.008" ignored="0" failures="0" timestamp="25 Dec 2019 10:51:29 GMT" skipped="0" hostname="DESKTOP-I6Q45NM" errors="0">
  <testcase name="TestSuite" time="0.008" classname="com.mercury.tours.BatchExecution_smoke"/>
</testsuite> <!-- com.mercury.tours.BatchExecution_smoke -->
