<?xml version="1.0" encoding="UTF-8"?>
<!-- Generated by org.testng.reporters.JUnitReportReporter -->
<testsuite name="com.mercury.tours.Uploadfile_RobotClass" tests="1" time="9.533" ignored="0" failures="0" timestamp="25 Dec 2019 12:09:43 GMT" skipped="0" hostname="DESKTOP-I6Q45NM" errors="0">
  <testcase name="Sign_on_Sucessful_login" time="9.533" classname="com.mercury.tours.Uploadfile_RobotClass"/>
</testsuite> <!-- com.mercury.tours.Uploadfile_RobotClass -->
