<?xml version="1.0" encoding="UTF-8"?>
<!-- Generated by org.testng.reporters.JUnitReportReporter -->
<testsuite name="com.mercury.tours.Mouse_hover_Action" tests="1" time="4.390" ignored="0" failures="0" timestamp="24 Dec 2019 10:36:32 GMT" skipped="0" hostname="DESKTOP-F8THS86" errors="0">
  <testcase name="mouse_hover_action" time="4.390" classname="com.mercury.tours.Mouse_hover_Action"/>
</testsuite> <!-- com.mercury.tours.Mouse_hover_Action -->
