<?xml version="1.0" encoding="UTF-8"?>
<!-- Generated by org.testng.reporters.JUnitReportReporter -->
<testsuite name="com.mercury.tours.Mercury_Sign_On" tests="1" time="55.088" ignored="0" failures="0" timestamp="26 Dec 2019 09:59:10 GMT" skipped="0" hostname="DESKTOP-I6Q45NM" errors="0">
  <testcase name="TC_001_SignOn_Successfull_Login" time="55.088" classname="com.mercury.tours.Mercury_Sign_On"/>
</testsuite> <!-- com.mercury.tours.Mercury_Sign_On -->
