<?xml version="1.0" encoding="UTF-8"?>
<!-- Generated by org.testng.reporters.JUnitReportReporter -->
<testsuite name="com.mercury.tours.Crossbrowser_Testing" tests="6" time="194.417" ignored="0" failures="0" timestamp="25 Dec 2019 10:22:51 GMT" skipped="0" hostname="DESKTOP-I6Q45NM" errors="0">
  <testcase name="Sign_on" time="46.068" classname="com.mercury.tours.Crossbrowser_Testing"/>
  <testcase name="Sign_on" time="18.115" classname="com.mercury.tours.Crossbrowser_Testing"/>
  <testcase name="Sign_on" time="16.569" classname="com.mercury.tours.Crossbrowser_Testing"/>
  <testcase name="Sign_on" time="18.467" classname="com.mercury.tours.Crossbrowser_Testing"/>
  <testcase name="Sign_on" time="51.180" classname="com.mercury.tours.Crossbrowser_Testing"/>
  <testcase name="Sign_on" time="44.018" classname="com.mercury.tours.Crossbrowser_Testing"/>
</testsuite> <!-- com.mercury.tours.Crossbrowser_Testing -->
