<?xml version="1.0" encoding="UTF-8"?>
<!-- Generated by org.testng.reporters.JUnitReportReporter -->
<testsuite name="com.mercury.tours.Flight_Login_IE" tests="1" time="4.741" ignored="0" failures="0" timestamp="25 Dec 2019 08:49:43 GMT" skipped="0" hostname="DESKTOP-I6Q45NM" errors="0">
  <testcase name="Sign_on" time="4.741" classname="com.mercury.tours.Flight_Login_IE"/>
</testsuite> <!-- com.mercury.tours.Flight_Login_IE -->
